Diagnose log at 2023-04-25T08:48:28Z

AppPath: C:\Program Files\Git\mingw64\bin\git-credential-manager
InstallDir: C:\Program Files\Git\mingw64\bin\
Version: 2.0.935+8b4735fc7b

------------
Diagnostic: Environment
Skipped: False
Success: True
Exception: None
Log:
OSType: Windows
OSVersion: 6.1 (build 7601)
Reading environment variables... OK
 Variables:
HOMEPATH=\Users\Инженер
VBOX_MSI_INSTALL_PATH=C:\Program Files\Oracle\VirtualBox\
COMPUTERNAME=ИНЖЕНЕР-ПК
MSYSTEM=MINGW64
CommonProgramFiles(x86)=C:\Program Files (x86)\Common Files
VBOX_HWVIRTEX_IGNORE_SVM_IN_USE=1
SESSIONNAME=Console
windows_tracing_flags=3
CONFIG_SITE=C:/Program Files/Git/etc/config.site
LC_CTYPE=ru_RU.UTF-8
USERDOMAIN=Инженер-ПК
PATHEXT=.COM;.EXE;.BAT;.CMD;.VBS;.VBE;.JS;.JSE;.WSF;.WSH;.MSC
ADSK_MAXDES_x64_2015=C:\Program Files\Autodesk\3ds Max Design 2015\
ORIGINAL_TEMP=C:/Users/3BC2~1/AppData/Local/Temp
MINGW_PREFIX=C:/Program Files/Git/mingw64
ProgramFiles(x86)=C:\Program Files (x86)
ACLOCAL_PATH=C:\Program Files\Git\mingw64\share\aclocal;C:\Program Files\Git\usr\share\aclocal
TEMP=C:\Users\3BC2~1\AppData\Local\Temp
LOCALAPPDATA=C:\Users\Инженер\AppData\Local
MANPATH=C:\Program Files\Git\mingw64\local\man;C:\Program Files\Git\mingw64\share\man;C:\Program Files\Git\usr\local\man;C:\Program Files\Git\usr\share\man;C:\Program Files\Git\usr\man;C:\Program Files\Git\share\man
ILBDIR=C:\Program Files (x86)\Common Files\Autodesk Shared\Materials\
TERM=xterm
PROCESSOR_IDENTIFIER=AMD64 Family 21 Model 19 Stepping 1, AuthenticAMD
MSYSTEM_CARCH=x86_64
PROGRAMFILES=C:\Program Files (x86)
ProgramData=C:\ProgramData
TERM_PROGRAM_VERSION=3.6.3
ORIGINAL_TMP=C:/Users/3BC2~1/AppData/Local/Temp
VRAY30_RT_FOR_3DSMAX2015_PLUGINS_x64=C:\Program Files\Chaos Group\V-Ray\RT for 3ds Max 2015 for x64/bin/plugins
PROCESSOR_REVISION=1301
SYSTEMROOT=C:\Windows
CM2015DIR=C:\Program Files (x86)\Common Files\Autodesk Shared\Materials\
TERM_PROGRAM=mintty
PROCESSOR_LEVEL=21
NUMBER_OF_PROCESSORS=2
SSH_ASKPASS=C:/Program Files/Git/mingw64/bin/git-askpass.exe
SHLVL=1
APPDATA=C:\Users\Инженер\AppData\Roaming
SYSTEMDRIVE=C:
CM2012DIR=C:\Program Files (x86)\Common Files\Autodesk Shared\Materials\
PSModulePath=C:\Windows\system32\WindowsPowerShell\v1.0\Modules\
PUBLIC=C:\Users\Public
HOSTNAME=Èíæåíåð-ÏÊ
PKG_CONFIG_PATH=C:\Program Files\Git\mingw64\lib\pkgconfig;C:\Program Files\Git\mingw64\share\pkgconfig
MSYSTEM_CHOST=x86_64-w64-mingw32
WINDIR=C:\Windows
PLINK_PROTOCOL=ssh
INFOPATH=C:\Program Files\Git\mingw64\local\info;C:\Program Files\Git\mingw64\share\info;C:\Program Files\Git\usr\local\info;C:\Program Files\Git\usr\share\info;C:\Program Files\Git\usr\info;C:\Program Files\Git\share\info
ProgramW6432=C:\Program Files
PATH=C:\Users\Инженер\bin;C:\Program Files\Git\mingw64\bin;C:\Program Files\Git\usr\local\bin;C:\Program Files\Git\usr\bin;C:\Program Files\Git\usr\bin;C:\Program Files\Git\mingw64\bin;C:\Program Files\Git\usr\bin;C:\Users\Инженер\bin;C:\Perl64\site\bin;C:\Perl64\bin;C:\Program Files (x86)\Common Files\Oracle\Java\javapath;C:\Windows\system32;C:\Windows;C:\Windows\System32\Wbem;C:\Windows\System32\WindowsPowerShell\v1.0;C:\Program Files (x86)\ATI Technologies\ATI.ACE\Core-Static;C:\Program Files (x86)\Skype\Phone;C:\Program Files (x86)\Common Files\Acronis\SnapAPI;C:\Program Files\Common Files\Autodesk Shared;C:\Program Files (x86)\Autodesk\Backburner;C:\Program Files (x86)\QuickTime\QTSystem;C:\Program Files (x86)\Samsung\Samsung PC Studio 3;C:\Program Files\PuTTY;C:\Program Files\nodejs;C:\Program Files\Git\cmd;C:\Users\Инженер\AppData\Local\Programs\Microsoft VS Code\bin;C:\Users\Инженер\AppData\Roaming\npm;C:\Program Files\Git\usr\bin\vendor_perl;C:\Program Files\Git\usr\bin\core_perl
MINGW_CHOST=x86_64-w64-mingw32
GIT_TRACE2_PARENT_SID=e5ae60bb-3675-44ff-9d9f-d4be0355989b
FP_NO_HOST_CHECK=NO
PKG_CONFIG_SYSTEM_LIBRARY_PATH=C:/Program Files/Git/mingw64/lib
TMPDIR=C:\Users\3BC2~1\AppData\Local\Temp
TMP=C:\Users\3BC2~1\AppData\Local\Temp
VRAY_OSL_PATH_3DSMAX2015_x64=C:\Program Files\Chaos Group\V-Ray\3dsmax 2015 for x64\opensl
SHELL=C:\Program Files\Git\usr\bin\bash.exe
HOME=C:\Users\Инженер
VRAY30_RT_FOR_3DSMAX2015_MAIN_x64=C:\Program Files\Chaos Group\V-Ray\RT for 3ds Max 2015 for x64/bin
COMSPEC=C:\Windows\system32\cmd.exe
LOGONSERVER=\\ИНЖЕНЕР-ПК
USERPROFILE=C:\Users\Инженер
DISPLAY=needs-to-be-defined
COMMONPROGRAMFILES=C:\Program Files (x86)\Common Files
CommonProgramW6432=C:\Program Files\Common Files
HOMEDRIVE=C:
MSYSTEM_PREFIX=C:/Program Files/Git/mingw64
CARBON_MEM_DISABLE=1
MINGW_PACKAGE_PREFIX=mingw-w64-x86_64
ILMDIR=C:\Program Files (x86)\Common Files\Autodesk Shared\Materials\
PWD=C:/Waterspace Github/test
EXEPATH=C:\Program Files\Git
USERNAME=Инженер
PROCESSOR_ARCHITEW6432=AMD64
ORIGINAL_PATH=C:\Program Files\Git\mingw64\bin;C:\Program Files\Git\usr\bin;C:\Users\Инженер\bin;C:\Perl64\site\bin;C:\Perl64\bin;C:\Program Files (x86)\Common Files\Oracle\Java\javapath;C:\Windows\system32;C:\Windows;C:\Windows\System32\Wbem;C:\Windows\System32\WindowsPowerShell\v1.0;C:\Program Files (x86)\ATI Technologies\ATI.ACE\Core-Static;C:\Program Files (x86)\Skype\Phone;C:\Program Files (x86)\Common Files\Acronis\SnapAPI;C:\Program Files\Common Files\Autodesk Shared;C:\Program Files (x86)\Autodesk\Backburner;C:\Program Files (x86)\QuickTime\QTSystem;C:\Program Files (x86)\Samsung\Samsung PC Studio 3;C:\Program Files\PuTTY;C:\Program Files\nodejs;C:\Program Files\Git\cmd;C:\Users\Инженер\AppData\Local\Programs\Microsoft VS Code\bin;C:\Users\Инженер\AppData\Roaming\npm
PROCESSOR_ARCHITECTURE=x86
PS1=\[\033]0;$TITLEPREFIX:$PWD\007\]\n\[\033[32m\]\u@\h \[\033[35m\]$MSYSTEM \[\033[33m\]\w\[\033[36m\]`__git_ps1`\[\033[0m\]\n$ 
OS=Windows_NT
PKG_CONFIG_SYSTEM_INCLUDE_PATH=C:/Program Files/Git/mingw64/include
_=C:/Program Files/Git/mingw64/bin/git-credential-manager
ALLUSERSPROFILE=C:\ProgramData


------------
Diagnostic: File system
Skipped: False
Success: True
Exception: None
Log:
Temporary directory is 'C:\Users\Инженер\AppData\Local\Temp\'...
Checking basic file I/O...
Writing to temporary file 'C:\Users\Инженер\AppData\Local\Temp\7dc34b51a9a8b8b2783699b1'... OK
Reading from temporary file 'C:\Users\Инженер\AppData\Local\Temp\7dc34b51a9a8b8b2783699b1'... OK
Deleting temporary file 'C:\Users\Инженер\AppData\Local\Temp\7dc34b51a9a8b8b2783699b1'... OK
Testing IFileSystem instance...
UserHomePath: C:\Users\Инженер
UserDataDirectoryPath: C:\Users\Инженер\.gcm
GetCurrentDirectory(): C:\Waterspace Github\test

------------
Diagnostic: Networking
Skipped: False
Success: True
Exception: None
Log:
Checking networking and HTTP stack...
Creating HTTP client... OK
IsNetworkAvailable: True
Sending HEAD request to http://example.com... OK
Sending HEAD request to https://example.com... OK
Acquiring free TCP port... OK
Testing local HTTP loopback connections...
Creating new HTTP listener for http://localhost:51697/... OK
Waiting for loopback connection... OK
Writing response... OK
Waiting for response data... OK
Loopback connection data OK

------------
Diagnostic: Git
Skipped: False
Success: True
Exception: None
Log:
Getting Git version... OK
Git version is '2.40.0.windows.1'
Locating current repository... OK
Git repository at 'C:/Waterspace Github/test/.git'
Listing all Git configuration... OK
Git configuration:
file:C:/Program Files/Git/etc/gitconfig	diff.astextplain.textconv=astextplain
file:C:/Program Files/Git/etc/gitconfig	filter.lfs.clean=git-lfs clean -- %f
file:C:/Program Files/Git/etc/gitconfig	filter.lfs.smudge=git-lfs smudge -- %f
file:C:/Program Files/Git/etc/gitconfig	filter.lfs.process=git-lfs filter-process
file:C:/Program Files/Git/etc/gitconfig	filter.lfs.required=true
file:C:/Program Files/Git/etc/gitconfig	http.sslbackend=openssl
file:C:/Program Files/Git/etc/gitconfig	http.sslcainfo=C:/Program Files/Git/mingw64/etc/ssl/certs/ca-bundle.crt
file:C:/Program Files/Git/etc/gitconfig	core.autocrlf=true
file:C:/Program Files/Git/etc/gitconfig	core.fscache=true
file:C:/Program Files/Git/etc/gitconfig	core.symlinks=false
file:C:/Program Files/Git/etc/gitconfig	core.editor="C:\\Program Files (x86)\\Notepad++\\notepad++.exe" -multiInst -notabbar -nosession -noPlugin
file:C:/Program Files/Git/etc/gitconfig	pull.rebase=false
file:C:/Program Files/Git/etc/gitconfig	credential.helper=manager-core
file:C:/Program Files/Git/etc/gitconfig	credential.https://dev.azure.com.usehttppath=true
file:C:/Program Files/Git/etc/gitconfig	init.defaultbranch=master
file:"C:/Users/\320\230\320\275\320\266\320\265\320\275\320\265\321\200/.gitconfig"	user.email=s@eko.pl.ua
file:"C:/Users/\320\230\320\275\320\266\320\265\320\275\320\265\321\200/.gitconfig"	user.ename=SlavaProgramist
file:"C:/Users/\320\230\320\275\320\266\320\265\320\275\320\265\321\200/.gitconfig"	user.name=SlavaProgramist
file:"C:/Users/\320\230\320\275\320\266\320\265\320\275\320\265\321\200/.gitconfig"	gui.recentrepo=C:/Waterspace Github/WaterSpaceEngineer.github.io
file:"C:/Users/\320\230\320\275\320\266\320\265\320\275\320\265\321\200/.gitconfig"	credential.helper=
file:"C:/Users/\320\230\320\275\320\266\320\265\320\275\320\265\321\200/.gitconfig"	credential.helper=C:/Program\ Files/Git/mingw64/bin/git-credential-manager
file:.git/config	core.repositoryformatversion=0
file:.git/config	core.filemode=false
file:.git/config	core.bare=false
file:.git/config	core.logallrefupdates=true
file:.git/config	core.symlinks=false
file:.git/config	core.ignorecase=true
file:.git/config	remote.origin.url=https://github.com/SlavaProgramist/test.git
file:.git/config	remote.origin.fetch=+refs/heads/*:refs/remotes/origin/*
file:.git/config	branch.main.remote=origin
file:.git/config	branch.main.merge=refs/heads/main
file:.git/config	gui.wmstate=normal
file:.git/config	gui.geometry=797x389+286+349 156 175


------------
Diagnostic: Credential storage
Skipped: False
Success: True
Exception: None
Log:
ICredentialStore instance is of type: CredentialStore
Writing test credential... OK
Reading test credential... OK
Deleting test credential... OK

------------
Diagnostic: Microsoft authentication (AAD/MSA)
Skipped: False
Success: True
Exception: None
Log:
Broker not supported.
Flow type is: Auto
Gathering MSAL token cache data... OK
CacheDirectory: C:\Users\Инженер\AppData\Local\.IdentityService
CacheFileName: msal.cache
CacheFilePath: C:\Users\Инженер\AppData\Local\.IdentityService\msal.cache
Creating cache helper... OK
Verifying MSAL token cache persistence... OK

------------
Diagnostic: GitHub API
Skipped: False
Success: False
Exception:
System.Net.Http.HttpRequestException: Произошла ошибка при отправке запроса. ---> System.Net.WebException: Запрос был прерван: Не удалось создать защищенный канал SSL/TLS.
   в System.Net.HttpWebRequest.EndGetResponse(IAsyncResult asyncResult)
   в System.Net.Http.HttpClientHandler.GetResponseCallback(IAsyncResult ar)
   --- Конец трассировки внутреннего стека исключений ---
   в System.Runtime.CompilerServices.TaskAwaiter.ThrowForNonSuccess(Task task)
   в System.Runtime.CompilerServices.TaskAwaiter.HandleNonSuccessAndDebuggerNotification(Task task)
   в System.Runtime.CompilerServices.TaskAwaiter`1.GetResult()
   в GitHub.GitHubRestApi.<GetMetaInfoAsync>d__5.MoveNext()
--- Конец трассировка стека из предыдущего расположения, где возникло исключение ---
   в System.Runtime.CompilerServices.TaskAwaiter.ThrowForNonSuccess(Task task)
   в System.Runtime.CompilerServices.TaskAwaiter.HandleNonSuccessAndDebuggerNotification(Task task)
   в System.Runtime.CompilerServices.TaskAwaiter`1.GetResult()
   в GitHub.Diagnostics.GitHubApiDiagnostic.<RunInternalAsync>d__2.MoveNext()
--- Конец трассировка стека из предыдущего расположения, где возникло исключение ---
   в System.Runtime.CompilerServices.TaskAwaiter.ThrowForNonSuccess(Task task)
   в System.Runtime.CompilerServices.TaskAwaiter.HandleNonSuccessAndDebuggerNotification(Task task)
   в System.Runtime.CompilerServices.TaskAwaiter`1.GetResult()
   в GitCredentialManager.Diagnostics.Diagnostic.<RunAsync>d__5.MoveNext()
Log:
Using 'https://github.com/' as API target.
Querying '/meta' endpoint...
